<?xml version="1.0" encoding="UTF-8"?>
<!-- Generated by org.testng.reporters.JUnitXMLReporter -->
<testsuite ignored="0" hostname="MacBook-Pro-Kseniya.local" failures="0" tests="6" name="Command line test" time="10.33" errors="0" timestamp="2020-07-10T00:04:38 MSK">
  <testcase classname="testPages.AuthorizationPageTest" name="authClient" time="5.631"/>
  <testcase classname="testPages.MenuPageTest" name="checkTabsProduct" time="1.072"/>
  <testcase classname="testPages.MenuPageTest" name="checkTabsPrice" time="0.835"/>
  <testcase classname="testPages.MenuPageTest" name="checkTabsFAQ" time="0.917"/>
  <testcase classname="testPages.MenuPageTest" name="checkTabsWantTest" time="0.882"/>
  <testcase classname="testPages.MenuPageTest" name="checkLoginButton" time="0.878"/>
</testsuite> <!-- Command line test -->
