<?xml version="1.0" encoding="UTF-8"?>
<!-- Generated by org.testng.reporters.JUnitXMLReporter -->
<testsuite ignored="0" hostname="MacBook-Pro-Kseniya.local" failures="0" tests="6" name="Command line test" time="10.674" errors="0" timestamp="2020-07-10T08:18:46 MSK">
  <testcase classname="testPages.AuthorizationPageTest" name="authClient" time="6.432"/>
  <testcase classname="testPages.MenuPageTest" name="checkTabsProduct" time="0.924"/>
  <testcase classname="testPages.MenuPageTest" name="checkTabsPrice" time="0.768"/>
  <testcase classname="testPages.MenuPageTest" name="checkTabsFAQ" time="0.846"/>
  <testcase classname="testPages.MenuPageTest" name="checkTabsWantTest" time="0.794"/>
  <testcase classname="testPages.MenuPageTest" name="checkLoginButton" time="0.79"/>
</testsuite> <!-- Command line test -->
