<?xml version="1.0" encoding="UTF-8"?>
<testng-results ignored="0" total="6" passed="6" failed="0" skipped="0">
  <reporter-output>
  </reporter-output>
  <suite started-at="2020-07-10T08:35:14 MSK" name="Command line suite" finished-at="2020-07-10T08:35:25 MSK" duration-ms="10486">
    <groups>
    </groups>
    <test started-at="2020-07-10T08:35:14 MSK" name="Command line test" finished-at="2020-07-10T08:35:25 MSK" duration-ms="10486">
      <class name="testPages.MenuPageTest">
        <test-method signature="checkTabsProduct()[pri:1, instance:testPages.MenuPageTest@6b44435b]" started-at="2020-07-10T08:35:21 MSK" name="checkTabsProduct" finished-at="2020-07-10T08:35:22 MSK" duration-ms="1087" status="PASS">
          <reporter-output>
          </reporter-output>
        </test-method> <!-- checkTabsProduct -->
        <test-method signature="checkTabsPrice()[pri:2, instance:testPages.MenuPageTest@6b44435b]" started-at="2020-07-10T08:35:22 MSK" name="checkTabsPrice" finished-at="2020-07-10T08:35:23 MSK" duration-ms="721" status="PASS">
          <reporter-output>
          </reporter-output>
        </test-method> <!-- checkTabsPrice -->
        <test-method signature="checkTabsFAQ()[pri:3, instance:testPages.MenuPageTest@6b44435b]" started-at="2020-07-10T08:35:23 MSK" name="checkTabsFAQ" finished-at="2020-07-10T08:35:23 MSK" duration-ms="757" status="PASS">
          <reporter-output>
          </reporter-output>
        </test-method> <!-- checkTabsFAQ -->
        <test-method signature="checkTabsWantTest()[pri:4, instance:testPages.MenuPageTest@6b44435b]" started-at="2020-07-10T08:35:23 MSK" name="checkTabsWantTest" finished-at="2020-07-10T08:35:24 MSK" duration-ms="700" status="PASS">
          <reporter-output>
          </reporter-output>
        </test-method> <!-- checkTabsWantTest -->
        <test-method signature="checkLoginButton()[pri:5, instance:testPages.MenuPageTest@6b44435b]" started-at="2020-07-10T08:35:24 MSK" name="checkLoginButton" finished-at="2020-07-10T08:35:25 MSK" duration-ms="796" status="PASS">
          <reporter-output>
          </reporter-output>
        </test-method> <!-- checkLoginButton -->
      </class> <!-- testPages.MenuPageTest -->
      <class name="testPages.AuthorizationPageTest">
        <test-method signature="authClient()[pri:0, instance:testPages.AuthorizationPageTest@b6b1987]" started-at="2020-07-10T08:35:15 MSK" name="authClient" finished-at="2020-07-10T08:35:21 MSK" duration-ms="6303" status="PASS">
          <reporter-output>
          </reporter-output>
        </test-method> <!-- authClient -->
      </class> <!-- testPages.AuthorizationPageTest -->
    </test> <!-- Command line test -->
  </suite> <!-- Command line suite -->
</testng-results>
